<?xml version="1.0" encoding="utf-8"?><testsuites name="pytest tests"><testsuite name="pytest" errors="4" failures="3" skipped="0" tests="28" time="0.288" timestamp="2026-03-03T14:10:48.769642+00:00" hostname="agent-env-0edaa46e-dc07-499c-b6d1-643de759a911"><testcase classname="tests.test_rpc_auth_guards" name="test_landing_is_public" time="0.017" /><testcase classname="tests.test_rpc_auth_guards" name="test_protected_rpc_get_returns_401_without_session[/rpc/mission]" time="0.005" /><testcase classname="tests.test_rpc_auth_guards" name="test_protected_rpc_get_returns_401_without_session[/rpc/revenue]" time="0.005" /><testcase classname="tests.test_rpc_auth_guards" name="test_protected_rpc_get_returns_401_without_session[/rpc/logs]" time="0.004" /><testcase classname="tests.test_rpc_auth_guards" name="test_protected_rpc_get_returns_401_without_session[/rpc/reports/weekly]" time="0.004" /><testcase classname="tests.test_rpc_auth_guards" name="test_protected_rpc_get_returns_401_without_session[/rpc/reports/weekly-review]" time="0.008" /><testcase classname="tests.test_rpc_auth_guards" name="test_protected_rpc_get_returns_401_without_session[/rpc/reports/monthly]" time="0.003" /><testcase classname="tests.test_rpc_auth_guards" name="test_protected_rpc_get_returns_401_without_session[/rpc/openai-key]" time="0.004" /><testcase classname="tests.test_rpc_auth_guards" name="test_protected_rpc_get_returns_401_without_session[/rpc/pause]" time="0.004" /><testcase classname="tests.test_rpc_auth_guards" name="test_protected_rpc_get_returns_401_without_session[/rpc/data-export]" time="0.004" /><testcase classname="tests.test_rpc_auth_guards" name="test_protected_rpc_get_returns_401_without_session[/rpc/onboarding]" time="0.003" /><testcase classname="tests.test_rpc_auth_guards" name="test_protected_rpc_mutations_return_401_without_session[POST-/rpc/mission-None]" time="0.003" /><testcase classname="tests.test_rpc_auth_guards" name="test_protected_rpc_mutations_return_401_without_session[POST-/rpc/revenue-payload1]" time="0.005" /><testcase classname="tests.test_rpc_auth_guards" name="test_protected_rpc_mutations_return_401_without_session[POST-/rpc/logs-payload2]" time="0.003" /><testcase classname="tests.test_rpc_auth_guards" name="test_protected_rpc_mutations_return_401_without_session[POST-/rpc/pause-payload3]" time="0.005" /><testcase classname="tests.test_rpc_auth_guards" name="test_protected_rpc_mutations_return_401_without_session[POST-/rpc/openai-key-payload4]" time="0.003" /><testcase classname="tests.test_rpc_auth_guards" name="test_protected_rpc_mutations_return_401_without_session[DELETE-/rpc/openai-key-None]" time="0.003" /><testcase classname="tests.test_rpc_auth_guards" name="test_protected_rpc_mutations_return_401_without_session[DELETE-/rpc/data-delete-payload6]" time="0.005" /><testcase classname="tests.test_rpc_auth_guards" name="test_protected_rpc_mutations_return_401_without_session[POST-/rpc/onboarding-payload7]" time="0.004" /><testcase classname="tests.test_rpc_auth_guards" name="test_protected_rpc_mutations_return_401_without_session[POST-/rpc/lever-override-payload8]" time="0.004" /><testcase classname="tests.test_rpc_auth_guards" name="test_register_route_validation_for_invalid_payload" time="0.003" /><testcase classname="tests.test_rpc_authenticated_flows" name="test_authenticated_session_is_available" time="0.009"><error message="failed on setup with &quot;assert 401 in (200, 302)&#10; +  where 401 = &lt;Response [401]&gt;.status_code&quot;">tests/test_rpc_authenticated_flows.py:17: in auth_client
    return login_session(base_url, "demo@zcvios.local", "DemoPass123!")
           ^^^^^^^^^^^^^^^^^^^^^^^^^^^^^^^^^^^^^^^^^^^^^^^^^^^^^^^^^^^^
tests/test_rpc_authenticated_flows.py:42: in login_session
    assert callback_response.status_code in (200, 302)
E   assert 401 in (200, 302)
E    +  where 401 = &lt;Response [401]&gt;.status_code</error></testcase><testcase classname="tests.test_rpc_authenticated_flows" name="test_authenticated_mission_and_weekly_review" time="0.012"><error message="failed on setup with &quot;assert 401 in (200, 302)&#10; +  where 401 = &lt;Response [401]&gt;.status_code&quot;">tests/test_rpc_authenticated_flows.py:17: in auth_client
    return login_session(base_url, "demo@zcvios.local", "DemoPass123!")
           ^^^^^^^^^^^^^^^^^^^^^^^^^^^^^^^^^^^^^^^^^^^^^^^^^^^^^^^^^^^^
tests/test_rpc_authenticated_flows.py:42: in login_session
    assert callback_response.status_code in (200, 302)
E   assert 401 in (200, 302)
E    +  where 401 = &lt;Response [401]&gt;.status_code</error></testcase><testcase classname="tests.test_rpc_authenticated_flows" name="test_authenticated_revenue_save_with_signals" time="0.009"><error message="failed on setup with &quot;assert 401 in (200, 302)&#10; +  where 401 = &lt;Response [401]&gt;.status_code&quot;">tests/test_rpc_authenticated_flows.py:17: in auth_client
    return login_session(base_url, "demo@zcvios.local", "DemoPass123!")
           ^^^^^^^^^^^^^^^^^^^^^^^^^^^^^^^^^^^^^^^^^^^^^^^^^^^^^^^^^^^^
tests/test_rpc_authenticated_flows.py:42: in login_session
    assert callback_response.status_code in (200, 302)
E   assert 401 in (200, 302)
E    +  where 401 = &lt;Response [401]&gt;.status_code</error></testcase><testcase classname="tests.test_rpc_authenticated_flows" name="test_future_dated_log_is_rejected" time="0.008"><error message="failed on setup with &quot;assert 401 in (200, 302)&#10; +  where 401 = &lt;Response [401]&gt;.status_code&quot;">tests/test_rpc_authenticated_flows.py:17: in auth_client
    return login_session(base_url, "demo@zcvios.local", "DemoPass123!")
           ^^^^^^^^^^^^^^^^^^^^^^^^^^^^^^^^^^^^^^^^^^^^^^^^^^^^^^^^^^^^
tests/test_rpc_authenticated_flows.py:42: in login_session
    assert callback_response.status_code in (200, 302)
E   assert 401 in (200, 302)
E    +  where 401 = &lt;Response [401]&gt;.status_code</error></testcase><testcase classname="tests.test_rpc_authenticated_flows" name="test_data_export_and_delete_account_flow" time="0.004"><failure message="assert 400 == 200&#10; +  where 400 = &lt;Response [400]&gt;.status_code">tests/test_rpc_authenticated_flows.py:122: in test_data_export_and_delete_account_flow
    assert register_response.status_code == 200
E   assert 400 == 200
E    +  where 400 = &lt;Response [400]&gt;.status_code</failure></testcase><testcase classname="tests.test_strategy_trigger_scope" name="test_strategy_runs_only_on_weekly_revenue_save" time="0.005"><failure message="assert 400 == 200&#10; +  where 400 = &lt;Response [400]&gt;.status_code">tests/test_strategy_trigger_scope.py:58: in test_strategy_runs_only_on_weekly_revenue_save
    auth_client = _create_authenticated_session(base_url)
                  ^^^^^^^^^^^^^^^^^^^^^^^^^^^^^^^^^^^^^^^
tests/test_strategy_trigger_scope.py:27: in _create_authenticated_session
    assert register_response.status_code == 200
E   assert 400 == 200
E    +  where 400 = &lt;Response [400]&gt;.status_code</failure></testcase><testcase classname="tests.test_strategy_trigger_scope" name="test_weekly_review_packet_contains_signal_metrics" time="0.004"><failure message="assert 400 == 200&#10; +  where 400 = &lt;Response [400]&gt;.status_code">tests/test_strategy_trigger_scope.py:116: in test_weekly_review_packet_contains_signal_metrics
    auth_client = _create_authenticated_session(base_url)
                  ^^^^^^^^^^^^^^^^^^^^^^^^^^^^^^^^^^^^^^^
tests/test_strategy_trigger_scope.py:27: in _create_authenticated_session
    assert register_response.status_code == 200
E   assert 400 == 200
E    +  where 400 = &lt;Response [400]&gt;.status_code</failure></testcase></testsuite></testsuites>