<?xml version="1.0" encoding="utf-8"?><testsuites name="pytest tests"><testsuite name="pytest" errors="0" failures="0" skipped="0" tests="28" time="6.302" timestamp="2026-03-03T12:30:46.874943+00:00" hostname="agent-env-0edaa46e-dc07-499c-b6d1-643de759a911"><testcase classname="backend.tests.test_rpc_auth_guards" name="test_landing_is_public" time="0.167" /><testcase classname="backend.tests.test_rpc_auth_guards" name="test_protected_rpc_get_returns_401_without_session[/rpc/mission]" time="0.144" /><testcase classname="backend.tests.test_rpc_auth_guards" name="test_protected_rpc_get_returns_401_without_session[/rpc/revenue]" time="0.113" /><testcase classname="backend.tests.test_rpc_auth_guards" name="test_protected_rpc_get_returns_401_without_session[/rpc/logs]" time="0.146" /><testcase classname="backend.tests.test_rpc_auth_guards" name="test_protected_rpc_get_returns_401_without_session[/rpc/reports/weekly]" time="0.111" /><testcase classname="backend.tests.test_rpc_auth_guards" name="test_protected_rpc_get_returns_401_without_session[/rpc/reports/weekly-review]" time="0.154" /><testcase classname="backend.tests.test_rpc_auth_guards" name="test_protected_rpc_get_returns_401_without_session[/rpc/reports/monthly]" time="0.112" /><testcase classname="backend.tests.test_rpc_auth_guards" name="test_protected_rpc_get_returns_401_without_session[/rpc/openai-key]" time="0.102" /><testcase classname="backend.tests.test_rpc_auth_guards" name="test_protected_rpc_get_returns_401_without_session[/rpc/pause]" time="0.117" /><testcase classname="backend.tests.test_rpc_auth_guards" name="test_protected_rpc_get_returns_401_without_session[/rpc/data-export]" time="0.150" /><testcase classname="backend.tests.test_rpc_auth_guards" name="test_protected_rpc_get_returns_401_without_session[/rpc/onboarding]" time="0.104" /><testcase classname="backend.tests.test_rpc_auth_guards" name="test_protected_rpc_mutations_return_401_without_session[POST-/rpc/mission-None]" time="0.146" /><testcase classname="backend.tests.test_rpc_auth_guards" name="test_protected_rpc_mutations_return_401_without_session[POST-/rpc/revenue-payload1]" time="0.101" /><testcase classname="backend.tests.test_rpc_auth_guards" name="test_protected_rpc_mutations_return_401_without_session[POST-/rpc/logs-payload2]" time="0.136" /><testcase classname="backend.tests.test_rpc_auth_guards" name="test_protected_rpc_mutations_return_401_without_session[POST-/rpc/pause-payload3]" time="0.108" /><testcase classname="backend.tests.test_rpc_auth_guards" name="test_protected_rpc_mutations_return_401_without_session[POST-/rpc/openai-key-payload4]" time="0.107" /><testcase classname="backend.tests.test_rpc_auth_guards" name="test_protected_rpc_mutations_return_401_without_session[DELETE-/rpc/openai-key-None]" time="0.170" /><testcase classname="backend.tests.test_rpc_auth_guards" name="test_protected_rpc_mutations_return_401_without_session[DELETE-/rpc/data-delete-payload6]" time="0.107" /><testcase classname="backend.tests.test_rpc_auth_guards" name="test_protected_rpc_mutations_return_401_without_session[POST-/rpc/onboarding-payload7]" time="0.100" /><testcase classname="backend.tests.test_rpc_auth_guards" name="test_protected_rpc_mutations_return_401_without_session[POST-/rpc/lever-override-payload8]" time="0.112" /><testcase classname="backend.tests.test_rpc_auth_guards" name="test_register_route_validation_for_invalid_payload" time="0.107" /><testcase classname="backend.tests.test_rpc_authenticated_flows" name="test_authenticated_session_is_available" time="0.348" /><testcase classname="backend.tests.test_rpc_authenticated_flows" name="test_authenticated_mission_and_weekly_review" time="0.396" /><testcase classname="backend.tests.test_rpc_authenticated_flows" name="test_authenticated_revenue_save_with_signals" time="0.401" /><testcase classname="backend.tests.test_rpc_authenticated_flows" name="test_future_dated_log_is_rejected" time="0.347" /><testcase classname="backend.tests.test_rpc_authenticated_flows" name="test_data_export_and_delete_account_flow" time="0.842" /><testcase classname="backend.tests.test_strategy_trigger_scope" name="test_strategy_runs_only_on_weekly_revenue_save" time="0.717" /><testcase classname="backend.tests.test_strategy_trigger_scope" name="test_weekly_review_packet_contains_signal_metrics" time="0.552" /></testsuite></testsuites>